================================================
date:2023-6-28
time:17.14.0
request_type:NEW_DEVICE
request_id:0
device_id:1653
gps:1
gps_find_satellite:1
gps_data:15000,24000
compass_angle:90
ultrasonic:255
humidity:25
temperature:25
servo_angle:90
================================================
================================================
date:2023-6-28
time:17.14.0
request_type:CUR_DATA
request_id:0
device_id:1653
gps:1
gps_find_satellite:1
gps_data:15000,24000
must_go:1000,1000
distance:10
compass_angle:779
must_go_angle:90
ultrasonic:255
humidity:25
temperature:25
servo_angle:90
================================================
================================================
date:2023-6-28
time:17.14.0
request_type:CUR_DATA
request_id:1
device_id:1653
gps:1
gps_find_satellite:1
gps_data:15000,24000
must_go:1000,1000
distance:10
compass_angle:683
must_go_angle:90
ultrasonic:255
humidity:25
temperature:25
servo_angle:90
================================================
================================================
date:2023-6-28
time:17.14.0
request_type:CUR_DATA
request_id:2
device_id:1653
gps:1
gps_find_satellite:1
gps_data:15000,24000
must_go:1000,1000
distance:10
compass_angle:658
must_go_angle:90
ultrasonic:255
humidity:25
temperature:25
servo_angle:90
================================================
================================================
date:2023-6-28
time:17.14.0
request_type:CUR_DATA
request_id:3
device_id:1653
gps:1
gps_find_satellite:1
gps_data:15000,24000
must_go:1000,1000
distance:10
compass_angle:643
must_go_angle:90
ultrasonic:255
humidity:25
temperature:25
servo_angle:90
================================================
================================================
date:2023-6-28
time:17.14.0
request_type:CUR_DATA
request_id:4
device_id:1653
gps:1
gps_find_satellite:1
gps_data:15000,24000
must_go:1000,1000
distance:10
compass_angle:631
must_go_angle:90
ultrasonic:255
humidity:25
temperature:25
servo_angle:90
================================================
================================================
date:2023-6-28
time:17.14.0
request_type:CUR_DATA
request_id:5
device_id:1653
gps:1
gps_find_satellite:1
gps_data:15000,24000
must_go:1000,1000
distance:10
compass_angle:623
must_go_angle:90
ultrasonic:255
humidity:25
temperature:25
servo_angle:90
================================================
================================================
date:2023-6-28
time:17.14.0
request_type:CUR_DATA
request_id:6
device_id:1653
gps:1
gps_find_satellite:1
gps_data:15000,24000
must_go:1000,1000
distance:10
compass_angle:616
must_go_angle:90
ultrasonic:255
humidity:25
temperature:25
servo_angle:90
================================================
================================================
date:2023-6-28
time:17.14.0
request_type:CUR_DATA
request_id:7
device_id:1653
gps:1
gps_find_satellite:1
gps_data:15000,24000
must_go:1000,1000
distance:10
compass_angle:612
must_go_angle:90
ultrasonic:255
humidity:25
temperature:25
servo_angle:90
================================================
================================================
date:2023-6-28
time:17.14.0
request_type:CUR_DATA
request_id:8
device_id:1653
gps:1
gps_find_satellite:1
gps_data:15000,24000
must_go:1000,1000
distance:10
compass_angle:609
must_go_angle:90
ultrasonic:255
humidity:25
temperature:25
servo_angle:90
================================================
================================================
date:2023-6-28
time:17.14.0
request_type:CUR_DATA
request_id:9
device_id:1653
gps:1
gps_find_satellite:1
gps_data:15000,24000
must_go:1000,1000
distance:10
compass_angle:604
must_go_angle:90
ultrasonic:255
humidity:25
temperature:25
servo_angle:90
================================================
================================================
date:2023-6-28
time:17.14.0
request_type:CUR_DATA
request_id:10
device_id:1653
gps:1
gps_find_satellite:1
gps_data:15000,24000
must_go:1000,1000
distance:10
compass_angle:603
must_go_angle:90
ultrasonic:255
humidity:25
temperature:25
servo_angle:90
================================================
================================================
date:2023-6-28
time:17.14.0
request_type:CUR_DATA
request_id:11
device_id:1653
gps:1
gps_find_satellite:1
gps_data:15000,24000
must_go:1000,1000
distance:10
compass_angle:600
must_go_angle:90
ultrasonic:255
humidity:25
temperature:25
servo_angle:90
================================================
================================================
date:2023-6-28
time:17.14.0
request_type:CUR_DATA
request_id:12
device_id:1653
gps:1
gps_find_satellite:1
gps_data:15000,24000
must_go:1000,1000
distance:10
compass_angle:599
must_go_angle:90
ultrasonic:255
humidity:25
temperature:25
servo_angle:90
================================================
================================================
date:2023-6-28
time:17.14.0
request_type:CUR_DATA
request_id:13
device_id:1653
gps:1
gps_find_satellite:1
gps_data:15000,24000
must_go:1000,1000
distance:10
compass_angle:597
must_go_angle:90
ultrasonic:255
humidity:25
temperature:25
servo_angle:90
================================================
================================================
date:2023-6-28
time:17.14.0
request_type:CUR_DATA
request_id:14
device_id:1653
gps:1
gps_find_satellite:1
gps_data:15000,24000
must_go:1000,1000
distance:10
compass_angle:595
must_go_angle:90
ultrasonic:255
humidity:25
temperature:25
servo_angle:90
================================================
================================================
date:2023-6-28
time:17.14.0
request_type:CUR_DATA
request_id:15
device_id:1653
gps:1
gps_find_satellite:1
gps_data:15000,24000
must_go:1000,1000
distance:10
compass_angle:594
must_go_angle:90
ultrasonic:255
humidity:25
temperature:25
servo_angle:90
================================================
================================================
date:2023-6-28
time:17.14.0
request_type:CUR_DATA
request_id:16
device_id:1653
gps:1
gps_find_satellite:1
gps_data:15000,24000
must_go:1000,1000
distance:10
compass_angle:592
must_go_angle:90
ultrasonic:255
humidity:25
temperature:25
servo_angle:90
================================================
================================================
date:2023-6-28
time:17.14.0
request_type:CUR_DATA
request_id:17
device_id:1653
gps:1
gps_find_satellite:1
gps_data:15000,24000
must_go:1000,1000
distance:10
compass_angle:591
must_go_angle:90
ultrasonic:255
humidity:25
temperature:25
servo_angle:90
================================================
================================================
date:2023-6-28
time:17.14.0
request_type:CUR_DATA
request_id:18
device_id:1653
gps:1
gps_find_satellite:1
gps_data:15000,24000
must_go:1000,1000
distance:10
compass_angle:590
must_go_angle:90
ultrasonic:255
humidity:25
temperature:25
servo_angle:90
================================================
================================================
date:2023-6-28
time:17.14.0
request_type:CUR_DATA
request_id:19
device_id:1653
gps:1
gps_find_satellite:1
gps_data:15000,24000
must_go:1000,1000
distance:10
compass_angle:590
must_go_angle:90
ultrasonic:255
humidity:25
temperature:25
servo_angle:90
================================================
================================================
date:2023-6-28
time:17.14.0
request_type:CUR_DATA
request_id:20
device_id:1653
gps:1
gps_find_satellite:1
gps_data:15000,24000
must_go:1000,1000
distance:10
compass_angle:590
must_go_angle:90
ultrasonic:255
humidity:25
temperature:25
servo_angle:90
================================================
================================================
date:2023-6-28
time:17.14.0
request_type:CUR_DATA
request_id:21
device_id:1653
gps:1
gps_find_satellite:1
gps_data:15000,24000
must_go:1000,1000
distance:10
compass_angle:590
must_go_angle:90
ultrasonic:255
humidity:25
temperature:25
servo_angle:90
================================================
================================================
date:2023-6-28
time:17.14.0
request_type:CUR_DATA
request_id:22
device_id:1653
gps:1
gps_find_satellite:1
gps_data:15000,24000
must_go:1000,1000
distance:10
compass_angle:589
must_go_angle:90
ultrasonic:255
humidity:25
temperature:25
servo_angle:90
================================================
================================================
date:2023-6-28
time:17.14.0
request_type:CUR_DATA
request_id:23
device_id:1653
gps:1
gps_find_satellite:1
gps_data:15000,24000
must_go:1000,1000
distance:10
compass_angle:589
must_go_angle:90
ultrasonic:255
humidity:25
temperature:25
servo_angle:90
================================================
================================================
date:2023-6-28
time:17.14.0
request_type:CUR_DATA
request_id:24
device_id:1653
gps:1
gps_find_satellite:1
gps_data:15000,24000
must_go:1000,1000
distance:10
compass_angle:591
must_go_angle:90
ultrasonic:255
humidity:25
temperature:25
servo_angle:90
================================================
================================================
date:2023-6-28
time:17.14.0
request_type:CUR_DATA
request_id:25
device_id:1653
gps:1
gps_find_satellite:1
gps_data:15000,24000
must_go:1000,1000
distance:10
compass_angle:589
must_go_angle:90
ultrasonic:255
humidity:25
temperature:25
servo_angle:90
================================================
================================================
date:2023-6-28
time:17.14.0
request_type:CUR_DATA
request_id:26
device_id:1653
gps:1
gps_find_satellite:1
gps_data:15000,24000
must_go:1000,1000
distance:10
compass_angle:591
must_go_angle:90
ultrasonic:255
humidity:25
temperature:25
servo_angle:90
================================================
================================================
date:2023-6-28
time:17.14.0
request_type:CUR_DATA
request_id:27
device_id:1653
gps:1
gps_find_satellite:1
gps_data:15000,24000
must_go:1000,1000
distance:10
compass_angle:588
must_go_angle:90
ultrasonic:255
humidity:25
temperature:25
servo_angle:90
================================================
================================================
date:2023-6-28
time:17.14.0
request_type:CUR_DATA
request_id:28
device_id:1653
gps:1
gps_find_satellite:1
gps_data:15000,24000
must_go:1000,1000
distance:10
compass_angle:590
must_go_angle:90
ultrasonic:255
humidity:25
temperature:25
servo_angle:90
================================================
================================================
date:2023-6-28
time:17.14.0
request_type:CUR_DATA
request_id:29
device_id:1653
gps:1
gps_find_satellite:1
gps_data:15000,24000
must_go:1000,1000
distance:10
compass_angle:590
must_go_angle:90
ultrasonic:255
humidity:25
temperature:25
servo_angle:90
================================================
================================================
date:2023-6-28
time:17.14.0
request_type:CUR_DATA
request_id:30
device_id:1653
gps:1
gps_find_satellite:1
gps_data:15000,24000
must_go:1000,1000
distance:10
compass_angle:588
must_go_angle:90
ultrasonic:255
humidity:25
temperature:25
servo_angle:90
================================================
================================================
date:2023-6-28
time:17.14.0
request_type:CUR_DATA
request_id:31
device_id:1653
gps:1
gps_find_satellite:1
gps_data:15000,24000
must_go:1000,1000
distance:10
compass_angle:587
must_go_angle:90
ultrasonic:255
humidity:25
temperature:25
servo_angle:90
================================================
================================================
date:2023-6-28
time:17.14.0
request_type:CUR_DATA
request_id:32
device_id:1653
gps:1
gps_find_satellite:1
gps_data:15000,24000
must_go:1000,1000
distance:10
compass_angle:589
must_go_angle:90
ultrasonic:255
humidity:25
temperature:25
servo_angle:90
================================================
================================================
date:2023-6-28
time:17.14.0
request_type:CUR_DATA
request_id:33
device_id:1653
gps:1
gps_find_satellite:1
gps_data:15000,24000
must_go:1000,1000
distance:10
compass_angle:588
must_go_angle:90
ultrasonic:255
humidity:25
temperature:25
servo_angle:90
================================================
================================================
date:2023-6-28
time:17.14.0
request_type:CUR_DATA
request_id:34
device_id:1653
gps:1
gps_find_satellite:1
gps_data:15000,24000
must_go:1000,1000
distance:10
compass_angle:588
must_go_angle:90
ultrasonic:255
humidity:25
temperature:25
servo_angle:90
================================================
================================================
date:2023-6-28
time:17.14.0
request_type:CUR_DATA
request_id:35
device_id:1653
gps:1
gps_find_satellite:1
gps_data:15000,24000
must_go:1000,1000
distance:10
compass_angle:588
must_go_angle:90
ultrasonic:255
humidity:25
temperature:25
servo_angle:90
================================================
================================================
date:2023-6-28
time:17.14.0
request_type:CUR_DATA
request_id:36
device_id:1653
gps:1
gps_find_satellite:1
gps_data:15000,24000
must_go:1000,1000
distance:10
compass_angle:588
must_go_angle:90
ultrasonic:255
humidity:25
temperature:25
servo_angle:90
================================================
================================================
date:2023-6-28
time:17.14.0
request_type:CUR_DATA
request_id:37
device_id:1653
gps:1
gps_find_satellite:1
gps_data:15000,24000
must_go:1000,1000
distance:10
compass_angle:587
must_go_angle:90
ultrasonic:255
humidity:25
temperature:25
servo_angle:90
================================================
================================================
date:2023-6-28
time:17.14.0
request_type:CUR_DATA
request_id:38
device_id:1653
gps:1
gps_find_satellite:1
gps_data:15000,24000
must_go:1000,1000
distance:10
compass_angle:587
must_go_angle:90
ultrasonic:255
humidity:25
temperature:25
servo_angle:90
================================================
================================================
date:2023-6-28
time:17.14.0
request_type:CUR_DATA
request_id:39
device_id:1653
gps:1
gps_find_satellite:1
gps_data:15000,24000
must_go:1000,1000
distance:10
compass_angle:588
must_go_angle:90
ultrasonic:255
humidity:25
temperature:25
servo_angle:90
================================================
================================================
date:2023-6-28
time:17.14.0
request_type:CUR_DATA
request_id:40
device_id:1653
gps:1
gps_find_satellite:1
gps_data:15000,24000
must_go:1000,1000
distance:10
compass_angle:588
must_go_angle:90
ultrasonic:255
humidity:25
temperature:25
servo_angle:90
================================================
================================================
date:2023-6-28
time:17.14.0
request_type:CUR_DATA
request_id:41
device_id:1653
gps:1
gps_find_satellite:1
gps_data:15000,24000
must_go:1000,1000
distance:10
compass_angle:587
must_go_angle:90
ultrasonic:255
humidity:25
temperature:25
servo_angle:90
================================================
================================================
date:2023-6-28
time:17.14.0
request_type:CUR_DATA
request_id:42
device_id:1653
gps:1
gps_find_satellite:1
gps_data:15000,24000
must_go:1000,1000
distance:10
compass_angle:587
must_go_angle:90
ultrasonic:255
humidity:25
temperature:25
servo_angle:90
================================================
================================================
date:2023-6-28
time:17.14.0
request_type:CUR_DATA
request_id:43
device_id:1653
gps:1
gps_find_satellite:1
gps_data:15000,24000
must_go:1000,1000
distance:10
compass_angle:589
must_go_angle:90
ultrasonic:255
humidity:25
temperature:25
servo_angle:90
================================================
================================================
date:2023-6-28
time:17.14.0
request_type:CUR_DATA
request_id:44
device_id:1653
gps:1
gps_find_satellite:1
gps_data:15000,24000
must_go:1000,1000
distance:10
compass_angle:587
must_go_angle:90
ultrasonic:255
humidity:25
temperature:25
servo_angle:90
================================================
================================================
date:2023-6-28
time:17.14.0
request_type:CUR_DATA
request_id:45
device_id:1653
gps:1
gps_find_satellite:1
gps_data:15000,24000
must_go:1000,1000
distance:10
compass_angle:588
must_go_angle:90
ultrasonic:255
humidity:25
temperature:25
servo_angle:90
================================================
================================================
date:2023-6-28
time:17.14.0
request_type:CUR_DATA
request_id:46
device_id:1653
gps:1
gps_find_satellite:1
gps_data:15000,24000
must_go:1000,1000
distance:10
compass_angle:588
must_go_angle:90
ultrasonic:255
humidity:25
temperature:25
servo_angle:90
================================================
================================================
date:2023-6-28
time:17.14.0
request_type:CUR_DATA
request_id:47
device_id:1653
gps:1
gps_find_satellite:1
gps_data:15000,24000
must_go:1000,1000
distance:10
compass_angle:587
must_go_angle:90
ultrasonic:255
humidity:25
temperature:25
servo_angle:90
================================================
================================================
date:2023-6-28
time:17.14.0
request_type:CUR_DATA
request_id:48
device_id:1653
gps:1
gps_find_satellite:1
gps_data:15000,24000
must_go:1000,1000
distance:10
compass_angle:590
must_go_angle:90
ultrasonic:255
humidity:25
temperature:25
servo_angle:90
================================================
================================================
date:2023-6-28
time:17.14.0
request_type:CUR_DATA
request_id:49
device_id:1653
gps:1
gps_find_satellite:1
gps_data:15000,24000
must_go:1000,1000
distance:10
compass_angle:589
must_go_angle:90
ultrasonic:255
humidity:25
temperature:25
servo_angle:90
================================================
================================================
date:2023-6-28
time:17.14.0
request_type:CUR_DATA
request_id:50
device_id:1653
gps:1
gps_find_satellite:1
gps_data:15000,24000
must_go:1000,1000
distance:10
compass_angle:591
must_go_angle:90
ultrasonic:255
humidity:25
temperature:25
servo_angle:90
================================================
================================================
date:2023-6-28
time:17.14.0
request_type:CUR_DATA
request_id:51
device_id:1653
gps:1
gps_find_satellite:1
gps_data:15000,24000
must_go:1000,1000
distance:10
compass_angle:591
must_go_angle:90
ultrasonic:255
humidity:25
temperature:25
servo_angle:90
================================================
================================================
date:2023-6-28
time:17.14.0
request_type:CUR_DATA
request_id:52
device_id:1653
gps:1
gps_find_satellite:1
gps_data:15000,24000
must_go:1000,1000
distance:10
compass_angle:590
must_go_angle:90
ultrasonic:255
humidity:25
temperature:25
servo_angle:90
================================================
================================================
date:2023-6-28
time:17.14.0
request_type:CUR_DATA
request_id:53
device_id:1653
gps:1
gps_find_satellite:1
gps_data:15000,24000
must_go:1000,1000
distance:10
compass_angle:590
must_go_angle:90
ultrasonic:255
humidity:25
temperature:25
servo_angle:90
================================================
================================================
date:2023-6-28
time:17.14.0
request_type:CUR_DATA
request_id:54
device_id:1653
gps:1
gps_find_satellite:1
gps_data:15000,24000
must_go:1000,1000
distance:10
compass_angle:592
must_go_angle:90
ultrasonic:255
humidity:25
temperature:25
servo_angle:90
================================================
================================================
date:2023-6-28
time:17.14.0
request_type:CUR_DATA
request_id:55
device_id:1653
gps:1
gps_find_satellite:1
gps_data:15000,24000
must_go:1000,1000
distance:10
compass_angle:592
must_go_angle:90
ultrasonic:255
humidity:25
temperature:25
servo_angle:90
================================================
================================================
date:2023-6-28
time:17.14.0
request_type:CUR_DATA
request_id:56
device_id:1653
gps:1
gps_find_satellite:1
gps_data:15000,24000
must_go:1000,1000
distance:10
compass_angle:592
must_go_angle:90
ultrasonic:255
humidity:25
temperature:25
servo_angle:90
================================================
================================================
date:2023-6-28
time:17.14.0
request_type:CUR_DATA
request_id:57
device_id:1653
gps:1
gps_find_satellite:1
gps_data:15000,24000
must_go:1000,1000
distance:10
compass_angle:593
must_go_angle:90
ultrasonic:255
humidity:25
temperature:25
servo_angle:90
================================================
================================================
date:2023-6-28
time:17.14.0
request_type:CUR_DATA
request_id:58
device_id:1653
gps:1
gps_find_satellite:1
gps_data:15000,24000
must_go:1000,1000
distance:10
compass_angle:592
must_go_angle:90
ultrasonic:255
humidity:25
temperature:25
servo_angle:90
================================================
================================================
date:2023-6-28
time:17.14.0
request_type:CUR_DATA
request_id:59
device_id:1653
gps:1
gps_find_satellite:1
gps_data:15000,24000
must_go:1000,1000
distance:10
compass_angle:592
must_go_angle:90
ultrasonic:255
humidity:25
temperature:25
servo_angle:90
================================================
================================================
date:2023-6-28
time:17.14.0
request_type:CUR_DATA
request_id:60
device_id:1653
gps:1
gps_find_satellite:1
gps_data:15000,24000
must_go:1000,1000
distance:10
compass_angle:593
must_go_angle:90
ultrasonic:255
humidity:25
temperature:25
servo_angle:90
================================================
================================================
date:2023-6-28
time:17.14.0
request_type:CUR_DATA
request_id:61
device_id:1653
gps:1
gps_find_satellite:1
gps_data:15000,24000
must_go:1000,1000
distance:10
compass_angle:594
must_go_angle:90
ultrasonic:255
humidity:25
temperature:25
servo_angle:90
================================================
================================================
date:2023-6-28
time:17.14.0
request_type:CUR_DATA
request_id:62
device_id:1653
gps:1
gps_find_satellite:1
gps_data:15000,24000
must_go:1000,1000
distance:10
compass_angle:594
must_go_angle:90
ultrasonic:255
humidity:25
temperature:25
servo_angle:90
================================================
================================================
date:2023-6-28
time:17.14.0
request_type:CUR_DATA
request_id:63
device_id:1653
gps:1
gps_find_satellite:1
gps_data:15000,24000
must_go:1000,1000
distance:10
compass_angle:592
must_go_angle:90
ultrasonic:255
humidity:25
temperature:25
servo_angle:90
================================================
================================================
date:2023-6-28
time:17.14.0
request_type:CUR_DATA
request_id:64
device_id:1653
gps:1
gps_find_satellite:1
gps_data:15000,24000
must_go:1000,1000
distance:10
compass_angle:592
must_go_angle:90
ultrasonic:255
humidity:25
temperature:25
servo_angle:90
================================================
================================================
date:2023-6-28
time:17.14.0
request_type:CUR_DATA
request_id:65
device_id:1653
gps:1
gps_find_satellite:1
gps_data:15000,24000
must_go:1000,1000
distance:10
compass_angle:592
must_go_angle:90
ultrasonic:255
humidity:25
temperature:25
servo_angle:90
================================================
================================================
date:2023-6-28
time:17.14.0
request_type:CUR_DATA
request_id:66
device_id:1653
gps:1
gps_find_satellite:1
gps_data:15000,24000
must_go:1000,1000
distance:10
compass_angle:593
must_go_angle:90
ultrasonic:255
humidity:25
temperature:25
servo_angle:90
================================================
================================================
date:2023-6-28
time:17.14.0
request_type:CUR_DATA
request_id:67
device_id:1653
gps:1
gps_find_satellite:1
gps_data:15000,24000
must_go:1000,1000
distance:10
compass_angle:591
must_go_angle:90
ultrasonic:255
humidity:25
temperature:25
servo_angle:90
================================================
================================================
date:2023-6-28
time:17.14.0
request_type:CUR_DATA
request_id:68
device_id:1653
gps:1
gps_find_satellite:1
gps_data:15000,24000
must_go:1000,1000
distance:10
compass_angle:591
must_go_angle:90
ultrasonic:255
humidity:25
temperature:25
servo_angle:90
================================================
================================================
date:2023-6-28
time:17.14.0
request_type:CUR_DATA
request_id:69
device_id:1653
gps:1
gps_find_satellite:1
gps_data:15000,24000
must_go:1000,1000
distance:10
compass_angle:591
must_go_angle:90
ultrasonic:255
humidity:25
temperature:25
servo_angle:90
================================================
================================================
date:2023-6-28
time:17.14.0
request_type:CUR_DATA
request_id:70
device_id:1653
gps:1
gps_find_satellite:1
gps_data:15000,24000
must_go:1000,1000
distance:10
compass_angle:592
must_go_angle:90
ultrasonic:255
humidity:25
temperature:25
servo_angle:90
================================================
================================================
date:2023-6-28
time:17.14.0
request_type:CUR_DATA
request_id:71
device_id:1653
gps:1
gps_find_satellite:1
gps_data:15000,24000
must_go:1000,1000
distance:10
compass_angle:590
must_go_angle:90
ultrasonic:255
humidity:25
temperature:25
servo_angle:90
================================================
================================================
date:2023-6-28
time:17.14.0
request_type:CUR_DATA
request_id:72
device_id:1653
gps:1
gps_find_satellite:1
gps_data:15000,24000
must_go:1000,1000
distance:10
compass_angle:590
must_go_angle:90
ultrasonic:255
humidity:25
temperature:25
servo_angle:90
================================================
================================================
date:2023-6-28
time:17.14.0
request_type:CUR_DATA
request_id:73
device_id:1653
gps:1
gps_find_satellite:1
gps_data:15000,24000
must_go:1000,1000
distance:10
compass_angle:591
must_go_angle:90
ultrasonic:255
humidity:25
temperature:25
servo_angle:90
================================================
================================================
date:2023-6-28
time:17.14.0
request_type:CUR_DATA
request_id:74
device_id:1653
gps:1
gps_find_satellite:1
gps_data:15000,24000
must_go:1000,1000
distance:10
compass_angle:590
must_go_angle:90
ultrasonic:255
humidity:25
temperature:25
servo_angle:90
================================================
================================================
date:2023-6-28
time:17.14.0
request_type:CUR_DATA
request_id:75
device_id:1653
gps:1
gps_find_satellite:1
gps_data:15000,24000
must_go:1000,1000
distance:10
compass_angle:592
must_go_angle:90
ultrasonic:255
humidity:25
temperature:25
servo_angle:90
================================================
================================================
date:2023-6-28
time:17.14.0
request_type:CUR_DATA
request_id:76
device_id:1653
gps:1
gps_find_satellite:1
gps_data:15000,24000
must_go:1000,1000
distance:10
compass_angle:590
must_go_angle:90
ultrasonic:255
humidity:25
temperature:25
servo_angle:90
================================================
================================================
date:2023-6-28
time:17.14.0
request_type:CUR_DATA
request_id:77
device_id:1653
gps:1
gps_find_satellite:1
gps_data:15000,24000
must_go:1000,1000
distance:10
compass_angle:592
must_go_angle:90
ultrasonic:255
humidity:25
temperature:25
servo_angle:90
================================================
================================================
date:2023-6-28
time:17.14.0
request_type:CUR_DATA
request_id:78
device_id:1653
gps:1
gps_find_satellite:1
gps_data:15000,24000
must_go:1000,1000
distance:10
compass_angle:592
must_go_angle:90
ultrasonic:255
humidity:25
temperature:25
servo_angle:90
================================================
================================================
date:2023-6-28
time:17.14.0
request_type:CUR_DATA
request_id:79
device_id:1653
gps:1
gps_find_satellite:1
gps_data:15000,24000
must_go:1000,1000
distance:10
compass_angle:591
must_go_angle:90
ultrasonic:255
humidity:25
temperature:25
servo_angle:90
================================================
================================================
date:2023-6-28
time:17.14.0
request_type:CUR_DATA
request_id:80
device_id:1653
gps:1
gps_find_satellite:1
gps_data:15000,24000
must_go:1000,1000
distance:10
compass_angle:592
must_go_angle:90
ultrasonic:255
humidity:25
temperature:25
servo_angle:90
================================================
================================================
date:2023-6-28
time:17.14.0
request_type:CUR_DATA
request_id:81
device_id:1653
gps:1
gps_find_satellite:1
gps_data:15000,24000
must_go:1000,1000
distance:10
compass_angle:592
must_go_angle:90
ultrasonic:255
humidity:25
temperature:25
servo_angle:90
================================================
================================================
date:2023-6-28
time:17.14.0
request_type:CUR_DATA
request_id:82
device_id:1653
gps:1
gps_find_satellite:1
gps_data:15000,24000
must_go:1000,1000
distance:10
compass_angle:594
must_go_angle:90
ultrasonic:255
humidity:25
temperature:25
servo_angle:90
================================================
================================================
date:2023-6-28
time:17.14.0
request_type:CUR_DATA
request_id:83
device_id:1653
gps:1
gps_find_satellite:1
gps_data:15000,24000
must_go:1000,1000
distance:10
compass_angle:593
must_go_angle:90
ultrasonic:255
humidity:25
temperature:25
servo_angle:90
================================================
================================================
date:2023-6-28
time:17.14.0
request_type:CUR_DATA
request_id:84
device_id:1653
gps:1
gps_find_satellite:1
gps_data:15000,24000
must_go:1000,1000
distance:10
compass_angle:593
must_go_angle:90
ultrasonic:255
humidity:25
temperature:25
servo_angle:90
================================================
================================================
date:2023-6-28
time:17.14.0
request_type:CUR_DATA
request_id:85
device_id:1653
gps:1
gps_find_satellite:1
gps_data:15000,24000
must_go:1000,1000
distance:10
compass_angle:592
must_go_angle:90
ultrasonic:255
humidity:25
temperature:25
servo_angle:90
================================================
================================================
date:2023-6-28
time:17.14.0
request_type:CUR_DATA
request_id:86
device_id:1653
gps:1
gps_find_satellite:1
gps_data:15000,24000
must_go:1000,1000
distance:10
compass_angle:592
must_go_angle:90
ultrasonic:255
humidity:25
temperature:25
servo_angle:90
================================================
================================================
date:2023-6-28
time:17.14.0
request_type:CUR_DATA
request_id:87
device_id:1653
gps:1
gps_find_satellite:1
gps_data:15000,24000
must_go:1000,1000
distance:10
compass_angle:592
must_go_angle:90
ultrasonic:255
humidity:25
temperature:25
servo_angle:90
================================================
